<?xml version="1.0"?>
<testsuites>
 <testsuite name="MasterScript_script" package="Nopcommerce.suite" timestamp="2019-03-07 14:18:55.817 +0530"
 tests="1"  failures="1" errors="1" time="29.396937">
  <properties>
   <property name="RunDate" value="2019-03-07 14:18:55.817 +0530"/>
   <property name="Status" value="Failure"/>
  </properties>
  <testcase name="MasterScript.script" assertions="1" status="error"  time="29.386143">
    <failure type="FAILURE" message="Image Not Found click Error - No Image Found On Screen: &quot;Username&quot; -- Execution Time 0:00:29 MasterScript.script" />
    <error type="Exception" message="No Image Found On Screen: &quot;Username&quot;" />
  </testcase>
 </testsuite>
</testsuites>
